<?xml version="1.0" encoding="utf-8"?>
<test-run id="2" testcasecount="54" result="Passed" total="54" passed="54" failed="0" inconclusive="0" skipped="0" asserts="0" engine-version="3.5.0.0" clr-version="4.0.30319.42000" start-time="2026-07-18 12:03:01Z" end-time="2026-07-18 12:03:02Z" duration="0.9867638">
  <test-suite type="TestSuite" id="1000" name="PurrDiction" fullname="PurrDiction" runstate="Runnable" testcasecount="54" result="Passed" start-time="2026-07-18 12:03:01Z" end-time="2026-07-18 12:03:02Z" duration="0.986764" total="54" passed="54" failed="0" inconclusive="0" skipped="0" asserts="0">
    <properties>
      <property name="platform" value="EditMode" />
    </properties>
    <test-suite type="Assembly" id="1059" name="PurrNet.Prediction.EditorTests.dll" fullname="C:/wkspaces/unity/riten/PurrDiction/Library/ScriptAssemblies/PurrNet.Prediction.EditorTests.dll" runstate="Runnable" testcasecount="54" result="Passed" start-time="2026-07-18 12:03:01Z" end-time="2026-07-18 12:03:02Z" duration="0.982188" total="54" passed="54" failed="0" inconclusive="0" skipped="0" asserts="0">
      <properties>
        <property name="_PID" value="32460" />
        <property name="_APPDOMAIN" value="Unity Child Domain" />
        <property name="platform" value="EditMode" />
        <property name="EditorOnly" value="True" />
      </properties>
      <test-suite type="TestSuite" id="1060" name="PurrNet" fullname="PurrNet" runstate="Runnable" testcasecount="54" result="Passed" start-time="2026-07-18 12:03:01Z" end-time="2026-07-18 12:03:02Z" duration="0.981879" total="54" passed="54" failed="0" inconclusive="0" skipped="0" asserts="0">
        <properties />
        <test-suite type="TestSuite" id="1061" name="Prediction" fullname="PurrNet.Prediction" runstate="Runnable" testcasecount="54" result="Passed" start-time="2026-07-18 12:03:01Z" end-time="2026-07-18 12:03:02Z" duration="0.981689" total="54" passed="54" failed="0" inconclusive="0" skipped="0" asserts="0">
          <properties />
          <test-suite type="TestSuite" id="1062" name="Tests" fullname="PurrNet.Prediction.Tests" runstate="Runnable" testcasecount="54" result="Passed" start-time="2026-07-18 12:03:01Z" end-time="2026-07-18 12:03:02Z" duration="0.981480" total="54" passed="54" failed="0" inconclusive="0" skipped="0" asserts="0">
            <properties />
            <test-suite type="TestSuite" id="1063" name="Editor" fullname="PurrNet.Prediction.Tests.Editor" runstate="Runnable" testcasecount="54" result="Passed" start-time="2026-07-18 12:03:01Z" end-time="2026-07-18 12:03:02Z" duration="0.981251" total="54" passed="54" failed="0" inconclusive="0" skipped="0" asserts="0">
              <properties />
              <test-suite type="TestFixture" id="1001" name="PredictedHierarchyPieceTests" fullname="PurrNet.Prediction.Tests.Editor.PredictedHierarchyPieceTests" classname="PurrNet.Prediction.Tests.Editor.PredictedHierarchyPieceTests" runstate="Runnable" testcasecount="9" result="Passed" start-time="2026-07-18 12:03:01Z" end-time="2026-07-18 12:03:01Z" duration="0.034072" total="9" passed="9" failed="0" inconclusive="0" skipped="0" asserts="0">
                <properties />
                <test-case id="1006" name="AttachAtPathRestoresAuthoredLocation" fullname="PurrNet.Prediction.Tests.Editor.PredictedHierarchyPieceTests.AttachAtPathRestoresAuthoredLocation" methodname="AttachAtPathRestoresAuthoredLocation" classname="PurrNet.Prediction.Tests.Editor.PredictedHierarchyPieceTests" runstate="Runnable" seed="194826060" result="Passed" start-time="2026-07-18 12:03:01Z" end-time="2026-07-18 12:03:01Z" duration="0.014133" asserts="0">
                  <properties>
                    <property name="retryIteration" value="0" />
                    <property name="repeatIteration" value="0" />
                  </properties>
                </test-case>
                <test-case id="1010" name="PoolNearestFallbackOnlyReturnsCompleteTrees" fullname="PurrNet.Prediction.Tests.Editor.PredictedHierarchyPieceTests.PoolNearestFallbackOnlyReturnsCompleteTrees" methodname="PoolNearestFallbackOnlyReturnsCompleteTrees" classname="PurrNet.Prediction.Tests.Editor.PredictedHierarchyPieceTests" runstate="Runnable" seed="399114774" result="Passed" start-time="2026-07-18 12:03:01Z" end-time="2026-07-18 12:03:01Z" duration="0.002740" asserts="0">
                  <properties>
                    <property name="retryIteration" value="0" />
                    <property name="repeatIteration" value="0" />
                  </properties>
                </test-case>
                <test-case id="1009" name="PoolPieceExtractionSplitsPooledSubtrees" fullname="PurrNet.Prediction.Tests.Editor.PredictedHierarchyPieceTests.PoolPieceExtractionSplitsPooledSubtrees" methodname="PoolPieceExtractionSplitsPooledSubtrees" classname="PurrNet.Prediction.Tests.Editor.PredictedHierarchyPieceTests" runstate="Runnable" seed="987805291" result="Passed" start-time="2026-07-18 12:03:01Z" end-time="2026-07-18 12:03:01Z" duration="0.002530" asserts="0">
                  <properties>
                    <property name="retryIteration" value="0" />
                    <property name="repeatIteration" value="0" />
                  </properties>
                </test-case>
                <test-case id="1008" name="PoolPreciseTreeTakeMatchesExactRootAndRejectsDrift" fullname="PurrNet.Prediction.Tests.Editor.PredictedHierarchyPieceTests.PoolPreciseTreeTakeMatchesExactRootAndRejectsDrift" methodname="PoolPreciseTreeTakeMatchesExactRootAndRejectsDrift" classname="PurrNet.Prediction.Tests.Editor.PredictedHierarchyPieceTests" runstate="Runnable" seed="2044519549" result="Passed" start-time="2026-07-18 12:03:01Z" end-time="2026-07-18 12:03:01Z" duration="0.000640" asserts="0">
                  <properties>
                    <property name="retryIteration" value="0" />
                    <property name="repeatIteration" value="0" />
                  </properties>
                </test-case>
                <test-case id="1005" name="PrototypeBoundariesStopDescent" fullname="PurrNet.Prediction.Tests.Editor.PredictedHierarchyPieceTests.PrototypeBoundariesStopDescent" methodname="PrototypeBoundariesStopDescent" classname="PurrNet.Prediction.Tests.Editor.PredictedHierarchyPieceTests" runstate="Runnable" seed="861839155" result="Passed" start-time="2026-07-18 12:03:01Z" end-time="2026-07-18 12:03:01Z" duration="0.000438" asserts="0">
                  <properties>
                    <property name="retryIteration" value="0" />
                    <property name="repeatIteration" value="0" />
                  </properties>
                </test-case>
                <test-case id="1003" name="PrototypeRecordsParentPiecesAndPathsThroughPlainTransforms" fullname="PurrNet.Prediction.Tests.Editor.PredictedHierarchyPieceTests.PrototypeRecordsParentPiecesAndPathsThroughPlainTransforms" methodname="PrototypeRecordsParentPiecesAndPathsThroughPlainTransforms" classname="PurrNet.Prediction.Tests.Editor.PredictedHierarchyPieceTests" runstate="Runnable" seed="1731229395" result="Passed" start-time="2026-07-18 12:03:01Z" end-time="2026-07-18 12:03:01Z" duration="0.000327" asserts="0">
                  <properties>
                    <property name="retryIteration" value="0" />
                    <property name="repeatIteration" value="0" />
                  </properties>
                </test-case>
                <test-case id="1004" name="PrototypeRejectsIdentitylessRoot" fullname="PurrNet.Prediction.Tests.Editor.PredictedHierarchyPieceTests.PrototypeRejectsIdentitylessRoot" methodname="PrototypeRejectsIdentitylessRoot" classname="PurrNet.Prediction.Tests.Editor.PredictedHierarchyPieceTests" runstate="Runnable" seed="1298404124" result="Passed" start-time="2026-07-18 12:03:01Z" end-time="2026-07-18 12:03:01Z" duration="0.001817" asserts="0">
                  <properties>
                    <property name="retryIteration" value="0" />
                    <property name="repeatIteration" value="0" />
                  </properties>
                  <output><![CDATA[
IgnoreFailingMessages:true
[PiecePrototype] 'bare' has no PredictedIdentity on its root; the root must carry at least one predicted component.

IgnoreFailingMessages:false
]]></output>
                </test-case>
                <test-case id="1002" name="PrototypeTraversalMatchesGetComponentsInChildrenOrder" fullname="PurrNet.Prediction.Tests.Editor.PredictedHierarchyPieceTests.PrototypeTraversalMatchesGetComponentsInChildrenOrder" methodname="PrototypeTraversalMatchesGetComponentsInChildrenOrder" classname="PurrNet.Prediction.Tests.Editor.PredictedHierarchyPieceTests" runstate="Runnable" seed="513613627" result="Passed" start-time="2026-07-18 12:03:01Z" end-time="2026-07-18 12:03:01Z" duration="0.001962" asserts="0">
                  <properties>
                    <property name="retryIteration" value="0" />
                    <property name="repeatIteration" value="0" />
                  </properties>
                </test-case>
                <test-case id="1007" name="RootIdIsDerivedFromPieceIndex" fullname="PurrNet.Prediction.Tests.Editor.PredictedHierarchyPieceTests.RootIdIsDerivedFromPieceIndex" methodname="RootIdIsDerivedFromPieceIndex" classname="PurrNet.Prediction.Tests.Editor.PredictedHierarchyPieceTests" runstate="Runnable" seed="2102589281" result="Passed" start-time="2026-07-18 12:03:01Z" end-time="2026-07-18 12:03:01Z" duration="0.000747" asserts="0">
                  <properties>
                    <property name="retryIteration" value="0" />
                    <property name="repeatIteration" value="0" />
                  </properties>
                </test-case>
              </test-suite>
              <test-suite type="TestFixture" id="1011" name="PredictionOwnershipTests" fullname="PurrNet.Prediction.Tests.Editor.PredictionOwnershipTests" classname="PurrNet.Prediction.Tests.Editor.PredictionOwnershipTests" runstate="Runnable" testcasecount="29" result="Passed" start-time="2026-07-18 12:03:01Z" end-time="2026-07-18 12:03:02Z" duration="0.054514" total="29" passed="29" failed="0" inconclusive="0" skipped="0" asserts="0">
                <properties />
                <test-case id="1024" name="DeactivatingRegisteredScopeRefreshesItsLiveIdentities" fullname="PurrNet.Prediction.Tests.Editor.PredictionOwnershipTests.DeactivatingRegisteredScopeRefreshesItsLiveIdentities" methodname="DeactivatingRegisteredScopeRefreshesItsLiveIdentities" classname="PurrNet.Prediction.Tests.Editor.PredictionOwnershipTests" runstate="Runnable" seed="1878886286" result="Passed" start-time="2026-07-18 12:03:01Z" end-time="2026-07-18 12:03:01Z" duration="0.011111" asserts="0">
                  <properties>
                    <property name="retryIteration" value="0" />
                    <property name="repeatIteration" value="0" />
                  </properties>
                </test-case>
                <test-case id="1023" name="DeactivatingScopedPooledRootPreservesAppliedSoftCorrectionPolicy" fullname="PurrNet.Prediction.Tests.Editor.PredictionOwnershipTests.DeactivatingScopedPooledRootPreservesAppliedSoftCorrectionPolicy" methodname="DeactivatingScopedPooledRootPreservesAppliedSoftCorrectionPolicy" classname="PurrNet.Prediction.Tests.Editor.PredictionOwnershipTests" runstate="Runnable" seed="568763854" result="Passed" start-time="2026-07-18 12:03:01Z" end-time="2026-07-18 12:03:01Z" duration="0.000546" asserts="0">
                  <properties>
                    <property name="retryIteration" value="0" />
                    <property name="repeatIteration" value="0" />
                  </properties>
                </test-case>
                <test-case id="1027" name="DefaultCorrectionRingRetainsTheDefaultTenSecondHistoryWindow" fullname="PurrNet.Prediction.Tests.Editor.PredictionOwnershipTests.DefaultCorrectionRingRetainsTheDefaultTenSecondHistoryWindow" methodname="DefaultCorrectionRingRetainsTheDefaultTenSecondHistoryWindow" classname="PurrNet.Prediction.Tests.Editor.PredictionOwnershipTests" runstate="Runnable" seed="1992373554" result="Passed" start-time="2026-07-18 12:03:01Z" end-time="2026-07-18 12:03:01Z" duration="0.000291" asserts="0">
                  <properties>
                    <property name="retryIteration" value="0" />
                    <property name="repeatIteration" value="0" />
                  </properties>
                </test-case>
                <test-case id="1014" name="DeterministicInputIdentityReleasesEveryOwnedInputWhenPooled" fullname="PurrNet.Prediction.Tests.Editor.PredictionOwnershipTests.DeterministicInputIdentityReleasesEveryOwnedInputWhenPooled" methodname="DeterministicInputIdentityReleasesEveryOwnedInputWhenPooled" classname="PurrNet.Prediction.Tests.Editor.PredictionOwnershipTests" runstate="Runnable" seed="658820028" result="Passed" start-time="2026-07-18 12:03:01Z" end-time="2026-07-18 12:03:01Z" duration="0.001691" asserts="0">
                  <properties>
                    <property name="retryIteration" value="0" />
                    <property name="repeatIteration" value="0" />
                  </properties>
                </test-case>
                <test-case id="1030" name="DisablingOrRemovingScopeRefreshesDescendants" fullname="PurrNet.Prediction.Tests.Editor.PredictionOwnershipTests.DisablingOrRemovingScopeRefreshesDescendants" methodname="DisablingOrRemovingScopeRefreshesDescendants" classname="PurrNet.Prediction.Tests.Editor.PredictionOwnershipTests" runstate="Runnable" seed="1404772485" result="Passed" start-time="2026-07-18 12:03:01Z" end-time="2026-07-18 12:03:01Z" duration="0.000666" asserts="0">
                  <properties>
                    <property name="retryIteration" value="0" />
                    <property name="repeatIteration" value="0" />
                  </properties>
                </test-case>
                <test-case id="1040" name="FullAndSoftPolicyTransitionsPreserveLiveRigidbody2DMode" fullname="PurrNet.Prediction.Tests.Editor.PredictionOwnershipTests.FullAndSoftPolicyTransitionsPreserveLiveRigidbody2DMode" methodname="FullAndSoftPolicyTransitionsPreserveLiveRigidbody2DMode" classname="PurrNet.Prediction.Tests.Editor.PredictionOwnershipTests" runstate="Runnable" seed="1169304067" result="Passed" start-time="2026-07-18 12:03:01Z" end-time="2026-07-18 12:03:01Z" duration="0.001132" asserts="0">
                  <properties>
                    <property name="retryIteration" value="0" />
                    <property name="repeatIteration" value="0" />
                  </properties>
                </test-case>
                <test-case id="1037" name="FullAndSoftPolicyTransitionsPreserveLiveRigidbodyMode" fullname="PurrNet.Prediction.Tests.Editor.PredictionOwnershipTests.FullAndSoftPolicyTransitionsPreserveLiveRigidbodyMode" methodname="FullAndSoftPolicyTransitionsPreserveLiveRigidbodyMode" classname="PurrNet.Prediction.Tests.Editor.PredictionOwnershipTests" runstate="Runnable" seed="1088015098" result="Passed" start-time="2026-07-18 12:03:01Z" end-time="2026-07-18 12:03:01Z" duration="0.000953" asserts="0">
                  <properties>
                    <property name="retryIteration" value="0" />
                    <property name="repeatIteration" value="0" />
                  </properties>
                </test-case>
                <test-case id="1031" name="InheritedScopeTracksParentPolicyAndCanReturnToLocalPolicy" fullname="PurrNet.Prediction.Tests.Editor.PredictionOwnershipTests.InheritedScopeTracksParentPolicyAndCanReturnToLocalPolicy" methodname="InheritedScopeTracksParentPolicyAndCanReturnToLocalPolicy" classname="PurrNet.Prediction.Tests.Editor.PredictionOwnershipTests" runstate="Runnable" seed="1426553068" result="Passed" start-time="2026-07-18 12:03:01Z" end-time="2026-07-18 12:03:01Z" duration="0.000840" asserts="0">
                  <properties>
                    <property name="retryIteration" value="0" />
                    <property name="repeatIteration" value="0" />
                  </properties>
                </test-case>
                <test-case id="1038" name="LeavingServerRelayRestoresAuthoritativeRigidbodyState" fullname="PurrNet.Prediction.Tests.Editor.PredictionOwnershipTests.LeavingServerRelayRestoresAuthoritativeRigidbodyState" methodname="LeavingServerRelayRestoresAuthoritativeRigidbodyState" classname="PurrNet.Prediction.Tests.Editor.PredictionOwnershipTests" runstate="Runnable" seed="267806524" result="Passed" start-time="2026-07-18 12:03:01Z" end-time="2026-07-18 12:03:02Z" duration="0.002325" asserts="0">
                  <properties>
                    <property name="retryIteration" value="0" />
                    <property name="repeatIteration" value="0" />
                  </properties>
                </test-case>
                <test-case id="1026" name="ModuleVerifiedStateUsesTheParentVerifiedTick" fullname="PurrNet.Prediction.Tests.Editor.PredictionOwnershipTests.ModuleVerifiedStateUsesTheParentVerifiedTick" methodname="ModuleVerifiedStateUsesTheParentVerifiedTick" classname="PurrNet.Prediction.Tests.Editor.PredictionOwnershipTests" runstate="Runnable" seed="122925336" result="Passed" start-time="2026-07-18 12:03:02Z" end-time="2026-07-18 12:03:02Z" duration="0.003977" asserts="0">
                  <properties>
                    <property name="retryIteration" value="0" />
                    <property name="repeatIteration" value="0" />
                  </properties>
                </test-case>
                <test-case id="1020" name="PooledReuseDoesNotPreserveStateWhenSwitchingIntoSoftCorrection" fullname="PurrNet.Prediction.Tests.Editor.PredictionOwnershipTests.PooledReuseDoesNotPreserveStateWhenSwitchingIntoSoftCorrection" methodname="PooledReuseDoesNotPreserveStateWhenSwitchingIntoSoftCorrection" classname="PurrNet.Prediction.Tests.Editor.PredictionOwnershipTests" runstate="Runnable" seed="1685497796" result="Passed" start-time="2026-07-18 12:03:02Z" end-time="2026-07-18 12:03:02Z" duration="0.001877" asserts="0">
                  <properties>
                    <property name="retryIteration" value="0" />
                    <property name="repeatIteration" value="0" />
                  </properties>
                </test-case>
                <test-case id="1019" name="PooledReuseEvaluatesIncomingPolicyBeforePreservingSoftState" fullname="PurrNet.Prediction.Tests.Editor.PredictionOwnershipTests.PooledReuseEvaluatesIncomingPolicyBeforePreservingSoftState" methodname="PooledReuseEvaluatesIncomingPolicyBeforePreservingSoftState" classname="PurrNet.Prediction.Tests.Editor.PredictionOwnershipTests" runstate="Runnable" seed="1527628901" result="Passed" start-time="2026-07-18 12:03:02Z" end-time="2026-07-18 12:03:02Z" duration="0.000588" asserts="0">
                  <properties>
                    <property name="retryIteration" value="0" />
                    <property name="repeatIteration" value="0" />
                  </properties>
                </test-case>
                <test-case id="1015" name="ProjectileInterpolationDoesNotAllocateDisposableViewState" fullname="PurrNet.Prediction.Tests.Editor.PredictionOwnershipTests.ProjectileInterpolationDoesNotAllocateDisposableViewState" methodname="ProjectileInterpolationDoesNotAllocateDisposableViewState" classname="PurrNet.Prediction.Tests.Editor.PredictionOwnershipTests" runstate="Runnable" seed="2034679918" result="Passed" start-time="2026-07-18 12:03:02Z" end-time="2026-07-18 12:03:02Z" duration="0.001137" asserts="0">
                  <properties>
                    <property name="retryIteration" value="0" />
                    <property name="repeatIteration" value="0" />
                  </properties>
                </test-case>
                <test-case id="1016" name="ReparentingIdentityRefreshesNearestPredictionPolicyScope" fullname="PurrNet.Prediction.Tests.Editor.PredictionOwnershipTests.ReparentingIdentityRefreshesNearestPredictionPolicyScope" methodname="ReparentingIdentityRefreshesNearestPredictionPolicyScope" classname="PurrNet.Prediction.Tests.Editor.PredictionOwnershipTests" runstate="Runnable" seed="102567615" result="Passed" start-time="2026-07-18 12:03:02Z" end-time="2026-07-18 12:03:02Z" duration="0.000589" asserts="0">
                  <properties>
                    <property name="retryIteration" value="0" />
                    <property name="repeatIteration" value="0" />
                  </properties>
                </test-case>
                <test-case id="1035" name="RepeatedEmptyDynamicModuleSnapshotsReuseSparseHistory" fullname="PurrNet.Prediction.Tests.Editor.PredictionOwnershipTests.RepeatedEmptyDynamicModuleSnapshotsReuseSparseHistory" methodname="RepeatedEmptyDynamicModuleSnapshotsReuseSparseHistory" classname="PurrNet.Prediction.Tests.Editor.PredictionOwnershipTests" runstate="Runnable" seed="1833903978" result="Passed" start-time="2026-07-18 12:03:02Z" end-time="2026-07-18 12:03:02Z" duration="0.002302" asserts="0">
                  <properties>
                    <property name="retryIteration" value="0" />
                    <property name="repeatIteration" value="0" />
                  </properties>
                </test-case>
                <test-case id="1029" name="ResetStateClearsPendingSoftTransformCorrection" fullname="PurrNet.Prediction.Tests.Editor.PredictionOwnershipTests.ResetStateClearsPendingSoftTransformCorrection" methodname="ResetStateClearsPendingSoftTransformCorrection" classname="PurrNet.Prediction.Tests.Editor.PredictionOwnershipTests" runstate="Runnable" seed="77169593" result="Passed" start-time="2026-07-18 12:03:02Z" end-time="2026-07-18 12:03:02Z" duration="0.000819" asserts="0">
                  <properties>
                    <property name="retryIteration" value="0" />
                    <property name="repeatIteration" value="0" />
                  </properties>
                </test-case>
                <test-case id="1033" name="ResetStateDoesNotInterpolateDisposedState" fullname="PurrNet.Prediction.Tests.Editor.PredictionOwnershipTests.ResetStateDoesNotInterpolateDisposedState" methodname="ResetStateDoesNotInterpolateDisposedState" classname="PurrNet.Prediction.Tests.Editor.PredictionOwnershipTests" runstate="Runnable" seed="1576111805" result="Passed" start-time="2026-07-18 12:03:02Z" end-time="2026-07-18 12:03:02Z" duration="0.003204" asserts="0">
                  <properties>
                    <property name="retryIteration" value="0" />
                    <property name="repeatIteration" value="0" />
                  </properties>
                </test-case>
                <test-case id="1034" name="RestoringRelayLocksClearsTheSnapshotForTheNextTick" fullname="PurrNet.Prediction.Tests.Editor.PredictionOwnershipTests.RestoringRelayLocksClearsTheSnapshotForTheNextTick" methodname="RestoringRelayLocksClearsTheSnapshotForTheNextTick" classname="PurrNet.Prediction.Tests.Editor.PredictionOwnershipTests" runstate="Runnable" seed="1812698007" result="Passed" start-time="2026-07-18 12:03:02Z" end-time="2026-07-18 12:03:02Z" duration="0.001635" asserts="0">
                  <properties>
                    <property name="retryIteration" value="0" />
                    <property name="repeatIteration" value="0" />
                  </properties>
                </test-case>
                <test-case id="1021" name="RootPosePreservationUsesIncomingPolicyOnReplayReuse" fullname="PurrNet.Prediction.Tests.Editor.PredictionOwnershipTests.RootPosePreservationUsesIncomingPolicyOnReplayReuse" methodname="RootPosePreservationUsesIncomingPolicyOnReplayReuse" classname="PurrNet.Prediction.Tests.Editor.PredictionOwnershipTests" runstate="Runnable" seed="621452402" result="Passed" start-time="2026-07-18 12:03:02Z" end-time="2026-07-18 12:03:02Z" duration="0.002472" asserts="0">
                  <properties>
                    <property name="retryIteration" value="0" />
                    <property name="repeatIteration" value="0" />
                  </properties>
                </test-case>
                <test-case id="1017" name="RuntimePolicyApisPersistOverridesAndReturnToScope" fullname="PurrNet.Prediction.Tests.Editor.PredictionOwnershipTests.RuntimePolicyApisPersistOverridesAndReturnToScope" methodname="RuntimePolicyApisPersistOverridesAndReturnToScope" classname="PurrNet.Prediction.Tests.Editor.PredictionOwnershipTests" runstate="Runnable" seed="373603129" result="Passed" start-time="2026-07-18 12:03:02Z" end-time="2026-07-18 12:03:02Z" duration="0.000707" asserts="0">
                  <properties>
                    <property name="retryIteration" value="0" />
                    <property name="repeatIteration" value="0" />
                  </properties>
                </test-case>
                <test-case id="1039" name="ServerRelaySetupCapturesTheAuthoredRigidbody2DModeBeforeForcingKinematic" fullname="PurrNet.Prediction.Tests.Editor.PredictionOwnershipTests.ServerRelaySetupCapturesTheAuthoredRigidbody2DModeBeforeForcingKinematic" methodname="ServerRelaySetupCapturesTheAuthoredRigidbody2DModeBeforeForcingKinematic" classname="PurrNet.Prediction.Tests.Editor.PredictionOwnershipTests" runstate="Runnable" seed="1356433611" result="Passed" start-time="2026-07-18 12:03:02Z" end-time="2026-07-18 12:03:02Z" duration="0.004398" asserts="0">
                  <properties>
                    <property name="retryIteration" value="0" />
                    <property name="repeatIteration" value="0" />
                  </properties>
                </test-case>
                <test-case id="1036" name="ServerRelaySetupCapturesTheAuthoredRigidbodyModeBeforeForcingKinematic" fullname="PurrNet.Prediction.Tests.Editor.PredictionOwnershipTests.ServerRelaySetupCapturesTheAuthoredRigidbodyModeBeforeForcingKinematic" methodname="ServerRelaySetupCapturesTheAuthoredRigidbodyModeBeforeForcingKinematic" classname="PurrNet.Prediction.Tests.Editor.PredictionOwnershipTests" runstate="Runnable" seed="1506455338" result="Passed" start-time="2026-07-18 12:03:02Z" end-time="2026-07-18 12:03:02Z" duration="0.002539" asserts="0">
                  <properties>
                    <property name="retryIteration" value="0" />
                    <property name="repeatIteration" value="0" />
                  </properties>
                </test-case>
                <test-case id="1018" name="SetupAppliesPolicySideEffectsAfterUnityStateCapture" fullname="PurrNet.Prediction.Tests.Editor.PredictionOwnershipTests.SetupAppliesPolicySideEffectsAfterUnityStateCapture" methodname="SetupAppliesPolicySideEffectsAfterUnityStateCapture" classname="PurrNet.Prediction.Tests.Editor.PredictionOwnershipTests" runstate="Runnable" seed="2010229012" result="Passed" start-time="2026-07-18 12:03:02Z" end-time="2026-07-18 12:03:02Z" duration="0.000632" asserts="0">
                  <properties>
                    <property name="retryIteration" value="0" />
                    <property name="repeatIteration" value="0" />
                  </properties>
                </test-case>
                <test-case id="1022" name="SetupResolutionIncludesEnabledScopesOnInactivePooledRoots" fullname="PurrNet.Prediction.Tests.Editor.PredictionOwnershipTests.SetupResolutionIncludesEnabledScopesOnInactivePooledRoots" methodname="SetupResolutionIncludesEnabledScopesOnInactivePooledRoots" classname="PurrNet.Prediction.Tests.Editor.PredictionOwnershipTests" runstate="Runnable" seed="359766899" result="Passed" start-time="2026-07-18 12:03:02Z" end-time="2026-07-18 12:03:02Z" duration="0.000286" asserts="0">
                  <properties>
                    <property name="retryIteration" value="0" />
                    <property name="repeatIteration" value="0" />
                  </properties>
                </test-case>
                <test-case id="1025" name="SetupResolutionPreservesVirtualPolicyOverridesOnInactivePooledRoots" fullname="PurrNet.Prediction.Tests.Editor.PredictionOwnershipTests.SetupResolutionPreservesVirtualPolicyOverridesOnInactivePooledRoots" methodname="SetupResolutionPreservesVirtualPolicyOverridesOnInactivePooledRoots" classname="PurrNet.Prediction.Tests.Editor.PredictionOwnershipTests" runstate="Runnable" seed="1593730022" result="Passed" start-time="2026-07-18 12:03:02Z" end-time="2026-07-18 12:03:02Z" duration="0.000730" asserts="0">
                  <properties>
                    <property name="retryIteration" value="0" />
                    <property name="repeatIteration" value="0" />
                  </properties>
                </test-case>
                <test-case id="1012" name="SparseHistoryPrunesByTickAgeAndKeepsRollbackAnchor" fullname="PurrNet.Prediction.Tests.Editor.PredictionOwnershipTests.SparseHistoryPrunesByTickAgeAndKeepsRollbackAnchor" methodname="SparseHistoryPrunesByTickAgeAndKeepsRollbackAnchor" classname="PurrNet.Prediction.Tests.Editor.PredictionOwnershipTests" runstate="Runnable" seed="1016282172" result="Passed" start-time="2026-07-18 12:03:02Z" end-time="2026-07-18 12:03:02Z" duration="0.001132" asserts="0">
                  <properties>
                    <property name="retryIteration" value="0" />
                    <property name="repeatIteration" value="0" />
                  </properties>
                </test-case>
                <test-case id="1013" name="StatefulInputIdentityReleasesEveryOwnedInputWhenPooled" fullname="PurrNet.Prediction.Tests.Editor.PredictionOwnershipTests.StatefulInputIdentityReleasesEveryOwnedInputWhenPooled" methodname="StatefulInputIdentityReleasesEveryOwnedInputWhenPooled" classname="PurrNet.Prediction.Tests.Editor.PredictionOwnershipTests" runstate="Runnable" seed="819598118" result="Passed" start-time="2026-07-18 12:03:02Z" end-time="2026-07-18 12:03:02Z" duration="0.000998" asserts="0">
                  <properties>
                    <property name="retryIteration" value="0" />
                    <property name="repeatIteration" value="0" />
                  </properties>
                </test-case>
                <test-case id="1032" name="TransformFollowsPhysicsPolicyOwnerInsteadOfIndependentScope" fullname="PurrNet.Prediction.Tests.Editor.PredictionOwnershipTests.TransformFollowsPhysicsPolicyOwnerInsteadOfIndependentScope" methodname="TransformFollowsPhysicsPolicyOwnerInsteadOfIndependentScope" classname="PurrNet.Prediction.Tests.Editor.PredictionOwnershipTests" runstate="Runnable" seed="162544354" result="Passed" start-time="2026-07-18 12:03:02Z" end-time="2026-07-18 12:03:02Z" duration="0.001212" asserts="0">
                  <properties>
                    <property name="retryIteration" value="0" />
                    <property name="repeatIteration" value="0" />
                  </properties>
                </test-case>
                <test-case id="1028" name="UnsupportedIdentityNormalizesSoftCorrectionToFullPrediction" fullname="PurrNet.Prediction.Tests.Editor.PredictionOwnershipTests.UnsupportedIdentityNormalizesSoftCorrectionToFullPrediction" methodname="UnsupportedIdentityNormalizesSoftCorrectionToFullPrediction" classname="PurrNet.Prediction.Tests.Editor.PredictionOwnershipTests" runstate="Runnable" seed="662670788" result="Passed" start-time="2026-07-18 12:03:02Z" end-time="2026-07-18 12:03:02Z" duration="0.000487" asserts="0">
                  <properties>
                    <property name="retryIteration" value="0" />
                    <property name="repeatIteration" value="0" />
                  </properties>
                </test-case>
              </test-suite>
              <test-suite type="TestFixture" id="1041" name="PredictionPolicyContractTests" fullname="PurrNet.Prediction.Tests.Editor.PredictionPolicyContractTests" classname="PurrNet.Prediction.Tests.Editor.PredictionPolicyContractTests" runstate="Runnable" testcasecount="7" result="Passed" start-time="2026-07-18 12:03:02Z" end-time="2026-07-18 12:03:02Z" duration="0.805305" total="7" passed="7" failed="0" inconclusive="0" skipped="0" asserts="0">
                <properties />
                <test-case id="1047" name="DeterministicCurrentStateAppliesPostSpawnOwnerAtVerifiedRollback" fullname="PurrNet.Prediction.Tests.Editor.PredictionPolicyContractTests.DeterministicCurrentStateAppliesPostSpawnOwnerAtVerifiedRollback" methodname="DeterministicCurrentStateAppliesPostSpawnOwnerAtVerifiedRollback" classname="PurrNet.Prediction.Tests.Editor.PredictionPolicyContractTests" runstate="Runnable" seed="1829265676" result="Passed" start-time="2026-07-18 12:03:02Z" end-time="2026-07-18 12:03:02Z" duration="0.008616" asserts="0">
                  <properties>
                    <property name="retryIteration" value="0" />
                    <property name="repeatIteration" value="0" />
                  </properties>
                </test-case>
                <test-case id="1042" name="DeterministicIdentityRejectsSoftCorrectionEvenWhenSubclassOptsIn" fullname="PurrNet.Prediction.Tests.Editor.PredictionPolicyContractTests.DeterministicIdentityRejectsSoftCorrectionEvenWhenSubclassOptsIn" methodname="DeterministicIdentityRejectsSoftCorrectionEvenWhenSubclassOptsIn" classname="PurrNet.Prediction.Tests.Editor.PredictionPolicyContractTests" runstate="Runnable" seed="1780218615" result="Passed" start-time="2026-07-18 12:03:02Z" end-time="2026-07-18 12:03:02Z" duration="0.000893" asserts="0">
                  <properties>
                    <property name="retryIteration" value="0" />
                    <property name="repeatIteration" value="0" />
                  </properties>
                </test-case>
                <test-case id="1048" name="LegacyProtectedPredictionKeyRemainsAvailableToCustomModules" fullname="PurrNet.Prediction.Tests.Editor.PredictionPolicyContractTests.LegacyProtectedPredictionKeyRemainsAvailableToCustomModules" methodname="LegacyProtectedPredictionKeyRemainsAvailableToCustomModules" classname="PurrNet.Prediction.Tests.Editor.PredictionPolicyContractTests" runstate="Runnable" seed="1639417770" result="Passed" start-time="2026-07-18 12:03:02Z" end-time="2026-07-18 12:03:02Z" duration="0.000112" asserts="0">
                  <properties>
                    <property name="retryIteration" value="0" />
                    <property name="repeatIteration" value="0" />
                  </properties>
                </test-case>
                <test-case id="1046" name="StatelessCurrentStateSynchronizesPostSpawnOwnerChange" fullname="PurrNet.Prediction.Tests.Editor.PredictionPolicyContractTests.StatelessCurrentStateSynchronizesPostSpawnOwnerChange" methodname="StatelessCurrentStateSynchronizesPostSpawnOwnerChange" classname="PurrNet.Prediction.Tests.Editor.PredictionPolicyContractTests" runstate="Runnable" seed="246676536" result="Passed" start-time="2026-07-18 12:03:02Z" end-time="2026-07-18 12:03:02Z" duration="0.000667" asserts="0">
                  <properties>
                    <property name="retryIteration" value="0" />
                    <property name="repeatIteration" value="0" />
                  </properties>
                </test-case>
                <test-case id="1043" name="StatelessFirstStateSynchronizesCurrentOwner" fullname="PurrNet.Prediction.Tests.Editor.PredictionPolicyContractTests.StatelessFirstStateSynchronizesCurrentOwner" methodname="StatelessFirstStateSynchronizesCurrentOwner" classname="PurrNet.Prediction.Tests.Editor.PredictionPolicyContractTests" runstate="Runnable" seed="55592261" result="Passed" start-time="2026-07-18 12:03:02Z" end-time="2026-07-18 12:03:02Z" duration="0.000514" asserts="0">
                  <properties>
                    <property name="retryIteration" value="0" />
                    <property name="repeatIteration" value="0" />
                  </properties>
                </test-case>
                <test-case id="1045" name="StaticCurrentStateSynchronizesPostSpawnOwnerChange" fullname="PurrNet.Prediction.Tests.Editor.PredictionPolicyContractTests.StaticCurrentStateSynchronizesPostSpawnOwnerChange" methodname="StaticCurrentStateSynchronizesPostSpawnOwnerChange" classname="PurrNet.Prediction.Tests.Editor.PredictionPolicyContractTests" runstate="Runnable" seed="1445536947" result="Passed" start-time="2026-07-18 12:03:02Z" end-time="2026-07-18 12:03:02Z" duration="0.000626" asserts="0">
                  <properties>
                    <property name="retryIteration" value="0" />
                    <property name="repeatIteration" value="0" />
                  </properties>
                </test-case>
                <test-case id="1044" name="StaticFirstStateSynchronizesCurrentOwner" fullname="PurrNet.Prediction.Tests.Editor.PredictionPolicyContractTests.StaticFirstStateSynchronizesCurrentOwner" methodname="StaticFirstStateSynchronizesCurrentOwner" classname="PurrNet.Prediction.Tests.Editor.PredictionPolicyContractTests" runstate="Runnable" seed="1873550106" result="Passed" start-time="2026-07-18 12:03:02Z" end-time="2026-07-18 12:03:02Z" duration="0.000375" asserts="0">
                  <properties>
                    <property name="retryIteration" value="0" />
                    <property name="repeatIteration" value="0" />
                  </properties>
                </test-case>
              </test-suite>
              <test-suite type="TestFixture" id="1049" name="SoftCorrectionDynamicModuleTests" fullname="PurrNet.Prediction.Tests.Editor.SoftCorrectionDynamicModuleTests" classname="PurrNet.Prediction.Tests.Editor.SoftCorrectionDynamicModuleTests" runstate="Runnable" testcasecount="9" result="Passed" start-time="2026-07-18 12:03:02Z" end-time="2026-07-18 12:03:02Z" duration="0.086191" total="9" passed="9" failed="0" inconclusive="0" skipped="0" asserts="0">
                <properties />
                <test-case id="1051" name="AuthoritativeReadViewUsesSenderOrderThenRestoresLiveOrder" fullname="PurrNet.Prediction.Tests.Editor.SoftCorrectionDynamicModuleTests.AuthoritativeReadViewUsesSenderOrderThenRestoresLiveOrder" methodname="AuthoritativeReadViewUsesSenderOrderThenRestoresLiveOrder" classname="PurrNet.Prediction.Tests.Editor.SoftCorrectionDynamicModuleTests" runstate="Runnable" seed="1465423878" result="Passed" start-time="2026-07-18 12:03:02Z" end-time="2026-07-18 12:03:02Z" duration="0.003878" asserts="0">
                  <properties>
                    <property name="retryIteration" value="0" />
                    <property name="repeatIteration" value="0" />
                  </properties>
                </test-case>
                <test-case id="1052" name="ModulePayloadUsesAuthoritativeOrderWithoutChangingLaterLiveModule" fullname="PurrNet.Prediction.Tests.Editor.SoftCorrectionDynamicModuleTests.ModulePayloadUsesAuthoritativeOrderWithoutChangingLaterLiveModule" methodname="ModulePayloadUsesAuthoritativeOrderWithoutChangingLaterLiveModule" classname="PurrNet.Prediction.Tests.Editor.SoftCorrectionDynamicModuleTests" runstate="Runnable" seed="1976380971" result="Passed" start-time="2026-07-18 12:03:02Z" end-time="2026-07-18 12:03:02Z" duration="0.009216" asserts="0">
                  <properties>
                    <property name="retryIteration" value="0" />
                    <property name="repeatIteration" value="0" />
                  </properties>
                </test-case>
                <test-case id="1050" name="PastEmptyTopologyDoesNotRemoveLiveSoftCorrectionModule" fullname="PurrNet.Prediction.Tests.Editor.SoftCorrectionDynamicModuleTests.PastEmptyTopologyDoesNotRemoveLiveSoftCorrectionModule" methodname="PastEmptyTopologyDoesNotRemoveLiveSoftCorrectionModule" classname="PurrNet.Prediction.Tests.Editor.SoftCorrectionDynamicModuleTests" runstate="Runnable" seed="406094767" result="Passed" start-time="2026-07-18 12:03:02Z" end-time="2026-07-18 12:03:02Z" duration="0.000905" asserts="0">
                  <properties>
                    <property name="retryIteration" value="0" />
                    <property name="repeatIteration" value="0" />
                  </properties>
                </test-case>
                <test-case id="1054" name="PastOnlyModuleIsDisposedAfterAuthoritativePayloadRead" fullname="PurrNet.Prediction.Tests.Editor.SoftCorrectionDynamicModuleTests.PastOnlyModuleIsDisposedAfterAuthoritativePayloadRead" methodname="PastOnlyModuleIsDisposedAfterAuthoritativePayloadRead" classname="PurrNet.Prediction.Tests.Editor.SoftCorrectionDynamicModuleTests" runstate="Runnable" seed="823107386" result="Passed" start-time="2026-07-18 12:03:02Z" end-time="2026-07-18 12:03:02Z" duration="0.002377" asserts="0">
                  <properties>
                    <property name="retryIteration" value="0" />
                    <property name="repeatIteration" value="0" />
                  </properties>
                </test-case>
                <test-case id="1053" name="RecreatedSameTypeModuleDoesNotConsumeOldLifetimePayload" fullname="PurrNet.Prediction.Tests.Editor.SoftCorrectionDynamicModuleTests.RecreatedSameTypeModuleDoesNotConsumeOldLifetimePayload" methodname="RecreatedSameTypeModuleDoesNotConsumeOldLifetimePayload" classname="PurrNet.Prediction.Tests.Editor.SoftCorrectionDynamicModuleTests" runstate="Runnable" seed="837042907" result="Passed" start-time="2026-07-18 12:03:02Z" end-time="2026-07-18 12:03:02Z" duration="0.000771" asserts="0">
                  <properties>
                    <property name="retryIteration" value="0" />
                    <property name="repeatIteration" value="0" />
                  </properties>
                </test-case>
                <test-case id="1055" name="TemporaryDisposalCallbackCannotRemoveSavedLiveModule" fullname="PurrNet.Prediction.Tests.Editor.SoftCorrectionDynamicModuleTests.TemporaryDisposalCallbackCannotRemoveSavedLiveModule" methodname="TemporaryDisposalCallbackCannotRemoveSavedLiveModule" classname="PurrNet.Prediction.Tests.Editor.SoftCorrectionDynamicModuleTests" runstate="Runnable" seed="287623051" result="Passed" start-time="2026-07-18 12:03:02Z" end-time="2026-07-18 12:03:02Z" duration="0.000505" asserts="0">
                  <properties>
                    <property name="retryIteration" value="0" />
                    <property name="repeatIteration" value="0" />
                  </properties>
                </test-case>
                <test-case id="1057" name="ThrowingTemporaryDisposalStillCleansRemainingDecoders" fullname="PurrNet.Prediction.Tests.Editor.SoftCorrectionDynamicModuleTests.ThrowingTemporaryDisposalStillCleansRemainingDecoders" methodname="ThrowingTemporaryDisposalStillCleansRemainingDecoders" classname="PurrNet.Prediction.Tests.Editor.SoftCorrectionDynamicModuleTests" runstate="Runnable" seed="971512546" result="Passed" start-time="2026-07-18 12:03:02Z" end-time="2026-07-18 12:03:02Z" duration="0.000828" asserts="0">
                  <properties>
                    <property name="retryIteration" value="0" />
                    <property name="repeatIteration" value="0" />
                  </properties>
                </test-case>
                <test-case id="1056" name="ThrowingTemporarySetupDoesNotLeakDecoderModule" fullname="PurrNet.Prediction.Tests.Editor.SoftCorrectionDynamicModuleTests.ThrowingTemporarySetupDoesNotLeakDecoderModule" methodname="ThrowingTemporarySetupDoesNotLeakDecoderModule" classname="PurrNet.Prediction.Tests.Editor.SoftCorrectionDynamicModuleTests" runstate="Runnable" seed="1458645320" result="Passed" start-time="2026-07-18 12:03:02Z" end-time="2026-07-18 12:03:02Z" duration="0.000522" asserts="0">
                  <properties>
                    <property name="retryIteration" value="0" />
                    <property name="repeatIteration" value="0" />
                  </properties>
                </test-case>
                <test-case id="1058" name="UnconstructableAuthoritativeModuleAbortsAndRestoresLiveTopology" fullname="PurrNet.Prediction.Tests.Editor.SoftCorrectionDynamicModuleTests.UnconstructableAuthoritativeModuleAbortsAndRestoresLiveTopology" methodname="UnconstructableAuthoritativeModuleAbortsAndRestoresLiveTopology" classname="PurrNet.Prediction.Tests.Editor.SoftCorrectionDynamicModuleTests" runstate="Runnable" seed="1802016444" result="Passed" start-time="2026-07-18 12:03:02Z" end-time="2026-07-18 12:03:02Z" duration="0.002006" asserts="0">
                  <properties>
                    <property name="retryIteration" value="0" />
                    <property name="repeatIteration" value="0" />
                  </properties>
                  <output><![CDATA[[PredictedIdentity.Module] Dynamic module reconcile failed. Type with hash 3735928559 is not registered.
Saving results to: C:/Users/blenm/AppData/LocalLow/DefaultCompany/PurrDiction\TestResults.xml
]]></output>
                </test-case>
              </test-suite>
            </test-suite>
          </test-suite>
        </test-suite>
      </test-suite>
    </test-suite>
  </test-suite>
</test-run>